program -> (-1, -1)
{ -> (-1, -1)
identifier -> (38, 0)
( -> (-1, -1)
int -> (-1, -1)
) -> (-1, -1)
, -> (-1, -1)
identifier -> (39, 0)
( -> (-1, -1)
int -> (-1, -1)
) -> (-1, -1)
, -> (-1, -1)
identifier -> (40, 0)
( -> (-1, -1)
int -> (-1, -1)
) -> (-1, -1)
; -> (-1, -1)
read -> (-1, -1)
( -> (-1, -1)
identifier -> (38, 0)
) -> (-1, -1)
; -> (-1, -1)
read -> (-1, -1)
( -> (-1, -1)
identifier -> (39, 0)
) -> (-1, -1)
; -> (-1, -1)
read -> (-1, -1)
( -> (-1, -1)
identifier -> (40, 0)
) -> (-1, -1)
; -> (-1, -1)
identifier -> (42, 0)
( -> (-1, -1)
int -> (-1, -1)
) -> (-1, -1)
= -> (-1, -1)
identifier -> (38, 0)
; -> (-1, -1)
if -> (-1, -1)
identifier -> (42, 0)
> -> (-1, -1)
identifier -> (39, 0)
{ -> (-1, -1)
identifier -> (42, 0)
= -> (-1, -1)
identifier -> (39, 0)
; -> (-1, -1)
} -> (-1, -1)
if -> (-1, -1)
identifier -> (42, 0)
> -> (-1, -1)
identifier -> (40, 0)
{ -> (-1, -1)
identifier -> (42, 0)
= -> (-1, -1)
identifier -> (40, 0)
; -> (-1, -1)
} -> (-1, -1)
print -> (-1, -1)
( -> (-1, -1)
identifier -> (42, 0)
) -> (-1, -1)
; -> (-1, -1)
} -> (-1, -1)
